TN:
SF:src/containers/Bills.js
FN:6,(anonymous_0)
FN:13,(anonymous_1)
FN:14,(anonymous_2)
FN:19,(anonymous_3)
FN:23,(anonymous_4)
FN:32,(anonymous_5)
FN:37,(anonymous_6)
FN:39,(anonymous_7)
FNF:8
FNH:6
FNDA:9,(anonymous_0)
FNDA:44,(anonymous_1)
FNDA:0,(anonymous_2)
FNDA:0,(anonymous_3)
FNDA:1,(anonymous_4)
FNDA:4,(anonymous_5)
FNDA:4,(anonymous_6)
FNDA:16,(anonymous_7)
DA:7,9
DA:8,9
DA:9,9
DA:10,9
DA:11,9
DA:12,9
DA:13,9
DA:14,44
DA:16,9
DA:19,9
DA:20,0
DA:23,9
DA:24,1
DA:25,1
DA:26,1
DA:27,1
DA:29,1
DA:32,9
DA:33,4
DA:34,4
DA:38,4
DA:40,16
DA:41,16
DA:42,16
DA:50,0
DA:51,0
DA:58,4
DA:59,4
LF:28
LH:25
BRDA:11,0,0,8
BRDA:11,0,1,1
BRDA:13,1,0,9
BRDA:13,1,1,0
BRDA:33,2,0,4
BRDA:33,2,1,0
BRF:6
BRH:4
end_of_record
TN:
SF:src/containers/Dashboard.js
FN:8,(anonymous_0)
FN:10,(anonymous_1)
FN:30,(anonymous_2)
FN:55,(anonymous_3)
FN:56,(anonymous_4)
FN:59,(anonymous_5)
FN:71,(anonymous_6)
FN:75,(anonymous_7)
FN:76,(anonymous_8)
FN:77,(anonymous_9)
FN:81,(anonymous_10)
FN:88,(anonymous_11)
FN:92,(anonymous_12)
FN:109,(anonymous_13)
FN:110,(anonymous_14)
FN:113,(anonymous_15)
FN:123,(anonymous_16)
FN:133,(anonymous_17)
FN:160,(anonymous_18)
FN:161,(anonymous_19)
FN:168,(anonymous_20)
FN:173,(anonymous_21)
FN:175,(anonymous_22)
FN:183,(anonymous_23)
FNF:24
FNH:19
FNDA:47,(anonymous_0)
FNDA:116,(anonymous_1)
FNDA:6,(anonymous_2)
FNDA:6,(anonymous_3)
FNDA:6,(anonymous_4)
FNDA:5,(anonymous_5)
FNDA:18,(anonymous_6)
FNDA:0,(anonymous_7)
FNDA:0,(anonymous_8)
FNDA:0,(anonymous_9)
FNDA:1,(anonymous_10)
FNDA:3,(anonymous_11)
FNDA:8,(anonymous_12)
FNDA:0,(anonymous_13)
FNDA:0,(anonymous_14)
FNDA:1,(anonymous_15)
FNDA:1,(anonymous_16)
FNDA:5,(anonymous_17)
FNDA:20,(anonymous_18)
FNDA:3,(anonymous_19)
FNDA:8,(anonymous_20)
FNDA:4,(anonymous_21)
FNDA:16,(anonymous_22)
FNDA:4,(anonymous_23)
DA:8,6
DA:9,47
DA:14,116
DA:15,116
DA:26,116
DA:30,6
DA:31,6
DA:32,6
DA:34,6
DA:37,6
DA:55,6
DA:56,6
DA:59,6
DA:60,5
DA:62,3
DA:64,1
DA:66,1
DA:72,18
DA:73,18
DA:74,18
DA:75,18
DA:76,18
DA:77,18
DA:78,18
DA:81,18
DA:82,1
DA:83,1
DA:84,1
DA:85,1
DA:89,3
DA:90,3
DA:91,3
DA:92,2
DA:93,8
DA:95,2
DA:96,2
DA:97,2
DA:98,2
DA:100,1
DA:102,1
DA:105,1
DA:106,1
DA:108,3
DA:109,3
DA:110,3
DA:113,18
DA:114,1
DA:119,1
DA:120,1
DA:123,18
DA:124,1
DA:129,1
DA:130,1
DA:134,5
DA:135,15
DA:136,10
DA:137,10
DA:142,5
DA:145,5
DA:146,5
DA:148,5
DA:150,5
DA:151,5
DA:152,5
DA:155,0
DA:156,0
DA:160,5
DA:161,20
DA:164,5
DA:168,18
DA:169,8
DA:170,8
DA:174,4
DA:175,16
DA:181,4
DA:184,4
LF:76
LH:74
BRDA:9,0,0,29
BRDA:9,0,1,18
BRDA:9,1,0,47
BRDA:9,1,1,29
BRDA:14,2,0,116
BRDA:14,2,1,0
BRDA:32,3,0,0
BRDA:32,3,1,6
BRDA:34,4,0,0
BRDA:34,4,1,6
BRDA:56,5,0,5
BRDA:56,5,1,1
BRDA:56,6,0,6
BRDA:56,6,1,6
BRDA:60,7,0,3
BRDA:60,7,1,1
BRDA:60,7,2,1
BRDA:85,8,0,0
BRDA:85,8,1,1
BRDA:89,9,0,2
BRDA:89,9,1,1
BRDA:89,10,0,3
BRDA:89,10,1,3
BRDA:90,11,0,2
BRDA:90,11,1,1
BRDA:90,12,0,3
BRDA:90,12,1,1
BRDA:91,13,0,2
BRDA:91,13,1,1
BRDA:135,14,0,10
BRDA:135,14,1,5
BRDA:145,15,0,5
BRDA:145,15,1,0
BRDA:145,16,0,5
BRDA:145,16,1,2
BRDA:146,17,0,5
BRDA:146,17,1,0
BRDA:146,18,0,5
BRDA:146,18,1,2
BRDA:150,19,0,5
BRDA:150,19,1,0
BRDA:169,20,0,8
BRDA:169,20,1,0
BRF:43
BRH:35
end_of_record
TN:
SF:src/containers/Login.js
FN:7,(anonymous_0)
FN:18,(anonymous_1)
FN:29,(anonymous_2)
FN:31,(anonymous_3)
FN:40,(anonymous_4)
FN:51,(anonymous_5)
FN:53,(anonymous_6)
FN:62,(anonymous_7)
FN:68,(anonymous_8)
FN:77,(anonymous_9)
FN:87,(anonymous_10)
FNF:11
FNH:7
FNDA:6,(anonymous_0)
FNDA:2,(anonymous_1)
FNDA:0,(anonymous_2)
FNDA:2,(anonymous_3)
FNDA:2,(anonymous_4)
FNDA:0,(anonymous_5)
FNDA:2,(anonymous_6)
FNDA:0,(anonymous_7)
FNDA:0,(anonymous_8)
FNDA:2,(anonymous_9)
FNDA:1,(anonymous_10)
DA:3,3
DA:8,6
DA:9,6
DA:10,6
DA:11,6
DA:12,6
DA:13,6
DA:14,6
DA:15,6
DA:16,6
DA:18,6
DA:19,2
DA:20,2
DA:26,2
DA:27,2
DA:29,0
DA:32,2
DA:33,2
DA:34,2
DA:35,2
DA:40,6
DA:41,2
DA:42,2
DA:48,2
DA:49,2
DA:51,0
DA:54,2
DA:55,2
DA:56,2
DA:57,2
DA:62,6
DA:63,0
DA:64,0
DA:69,0
DA:72,0
DA:77,6
DA:78,2
DA:79,1
DA:88,1
DA:89,1
DA:92,1
LF:41
LH:35
BRDA:63,0,0,0
BRDA:63,0,1,0
BRDA:78,1,0,1
BRDA:78,1,1,1
BRF:4
BRH:2
end_of_record
TN:
SF:src/containers/Logout.js
FN:4,(anonymous_0)
FN:11,(anonymous_1)
FNF:2
FNH:2
FNDA:29,(anonymous_0)
FNDA:2,(anonymous_1)
DA:5,29
DA:6,29
DA:7,29
DA:8,29
DA:11,29
DA:12,2
DA:13,2
LF:7
LH:7
BRF:0
BRH:0
end_of_record
TN:
SF:src/containers/NewBill.js
FN:5,(anonymous_0)
FN:19,(anonymous_1)
FN:38,(anonymous_2)
FN:43,(anonymous_3)
FN:49,(anonymous_4)
FN:71,(anonymous_5)
FN:76,(anonymous_6)
FN:79,(anonymous_7)
FNF:8
FNH:6
FNDA:1,(anonymous_0)
FNDA:1,(anonymous_1)
FNDA:1,(anonymous_2)
FNDA:0,(anonymous_3)
FNDA:1,(anonymous_4)
FNDA:1,(anonymous_5)
FNDA:1,(anonymous_6)
FNDA:0,(anonymous_7)
DA:6,1
DA:7,1
DA:8,1
DA:9,1
DA:10,1
DA:11,1
DA:12,1
DA:13,1
DA:14,1
DA:15,1
DA:16,1
DA:19,1
DA:20,1
DA:21,1
DA:22,1
DA:23,1
DA:24,1
DA:25,1
DA:26,1
DA:27,1
DA:29,1
DA:30,1
DA:39,1
DA:40,1
DA:41,1
DA:42,1
DA:43,0
DA:45,0
DA:49,1
DA:50,1
DA:51,1
DA:52,1
DA:53,1
DA:66,1
DA:67,1
DA:71,1
DA:72,1
DA:73,1
DA:77,1
DA:79,0
LF:40
LH:37
BRDA:29,0,0,1
BRDA:29,0,1,0
BRDA:29,1,0,1
BRDA:29,1,1,1
BRDA:60,2,0,1
BRDA:60,2,1,0
BRDA:72,3,0,1
BRDA:72,3,1,0
BRF:8
BRH:5
end_of_record
TN:
SF:src/views/Actions.js
FN:4,(anonymous_0)
FNF:1
FNH:1
FNDA:26,(anonymous_0)
DA:5,26
LF:1
LH:1
BRF:0
BRH:0
end_of_record
TN:
SF:src/views/BillsUI.js
FN:7,(anonymous_0)
FN:22,(anonymous_1)
FN:26,(anonymous_2)
FN:31,(anonymous_3)
FN:34,(anonymous_4)
FN:36,(anonymous_5)
FNF:6
FNH:6
FNDA:24,(anonymous_0)
FNDA:11,(anonymous_1)
FNDA:33,(anonymous_2)
FNDA:24,(anonymous_3)
FNDA:15,(anonymous_4)
FNDA:11,(anonymous_5)
DA:7,6
DA:8,24
DA:22,6
DA:23,11
DA:25,11
DA:26,6
DA:27,33
DA:31,24
DA:36,15
DA:53,15
DA:54,4
DA:55,11
DA:56,0
DA:59,11
LF:14
LH:13
BRDA:25,0,0,6
BRDA:25,0,1,5
BRDA:25,1,0,11
BRDA:25,1,1,7
BRDA:31,2,0,6
BRDA:31,2,1,5
BRDA:31,3,0,11
BRDA:31,3,1,11
BRDA:53,4,0,4
BRDA:53,4,1,11
BRDA:55,5,0,0
BRDA:55,5,1,11
BRF:12
BRH:11
end_of_record
TN:
SF:src/views/DashboardFormUI.js
FN:7,(anonymous_0)
FN:24,(anonymous_1)
FNF:2
FNH:2
FNDA:9,(anonymous_0)
FNDA:9,(anonymous_1)
DA:7,9
DA:26,9
LF:2
LH:2
BRDA:79,0,0,6
BRDA:79,0,1,3
BRDA:92,1,0,6
BRDA:92,1,1,3
BRF:4
BRH:4
end_of_record
TN:
SF:src/views/DashboardUI.js
FN:8,(anonymous_0)
FNF:1
FNH:1
FNDA:27,(anonymous_0)
DA:10,27
DA:11,9
DA:12,18
DA:13,5
DA:16,13
LF:5
LH:5
BRDA:10,0,0,9
BRDA:10,0,1,18
BRDA:12,1,0,5
BRDA:12,1,1,13
BRDA:22,2,0,13
BRDA:22,2,1,8
BRDA:29,3,0,13
BRDA:29,3,1,8
BRDA:36,4,0,13
BRDA:36,4,1,8
BRF:10
BRH:10
end_of_record
TN:
SF:src/views/ErrorPage.js
FN:3,(anonymous_0)
FNF:1
FNH:1
FNDA:7,(anonymous_0)
DA:4,7
LF:1
LH:1
BRDA:12,0,0,6
BRDA:12,0,1,1
BRF:2
BRH:2
end_of_record
TN:
SF:src/views/LoadingPage.js
FN:3,(anonymous_0)
FNF:1
FNH:1
FNDA:14,(anonymous_0)
DA:5,14
LF:1
LH:1
BRF:0
BRH:0
end_of_record
TN:
SF:src/views/LoginUI.js
FN:2,(anonymous_0)
FNF:1
FNH:1
FNDA:19,(anonymous_0)
DA:4,19
LF:1
LH:1
BRF:0
BRH:0
end_of_record
TN:
SF:src/views/NewBillUI.js
FN:3,(anonymous_0)
FNF:1
FNH:1
FNDA:2,(anonymous_0)
DA:5,2
LF:1
LH:1
BRF:0
BRH:0
end_of_record
TN:
SF:src/views/VerticalLayout.js
FN:5,(anonymous_0)
FNF:1
FNH:1
FNDA:48,(anonymous_0)
DA:7,48
DA:8,48
DA:9,33
DA:11,48
DA:12,19
DA:29,29
LF:6
LH:6
BRDA:8,0,0,33
BRDA:8,0,1,15
BRDA:11,1,0,19
BRDA:11,1,1,29
BRDA:11,2,0,48
BRDA:11,2,1,35
BRF:6
BRH:6
end_of_record
